0 info it worked if it ends with ok
1 verbose cli [ 'C:\\Program Files (x86)\\nodejs\\node.exe',
1 verbose cli   'C:\\Program Files (x86)\\nodejs\\node_modules\\npm\\bin\\npm-cli.js',
1 verbose cli   'install' ]
2 info using npm@2.14.7
3 info using node@v4.2.2
4 verbose readDependencies loading dependencies from C:\Work\Prosfit\Project\pando-3d\package.json
5 warn package.json pando_3d@1.0.0 No description
6 verbose install where, deps [ 'C:\\Work\\Prosfit\\Project\\pando-3d',
6 verbose install   [ 'bower', 'gulp', 'gulp-ng-annotate', 'gulp-uglify' ] ]
7 verbose install where, peers [ 'C:\\Work\\Prosfit\\Project\\pando-3d', [] ]
8 verbose installManyTop reading for lifecycle C:\Work\Prosfit\Project\pando-3d\package.json
9 info preinstall pando_3d@1.0.0
10 verbose installManyTop reading scoped package data from C:\Work\Prosfit\Project\pando-3d\node_modules\bower\package.json
11 verbose installManyTop reading scoped package data from C:\Work\Prosfit\Project\pando-3d\node_modules\gulp\package.json
12 verbose installManyTop reading scoped package data from C:\Work\Prosfit\Project\pando-3d\node_modules\gulp-ng-annotate\package.json
13 verbose installManyTop reading scoped package data from C:\Work\Prosfit\Project\pando-3d\node_modules\gulp-uglify\package.json
14 info package.json gulp-ng-annotate@0.3.6 license should be a valid SPDX license expression
15 verbose readDependencies loading dependencies from C:\Work\Prosfit\Project\pando-3d\package.json
16 verbose targetResolver reading package data from C:\Work\Prosfit\Project\pando-3d\node_modules\bower\package.json
17 verbose targetResolver reading package data from C:\Work\Prosfit\Project\pando-3d\node_modules\gulp\package.json
18 verbose targetResolver reading package data from C:\Work\Prosfit\Project\pando-3d\node_modules\gulp-ng-annotate\package.json
19 verbose targetResolver reading package data from C:\Work\Prosfit\Project\pando-3d\node_modules\gulp-uglify\package.json
20 verbose targetResolver reading package data from C:\Work\Prosfit\Project\pando-3d\node_modules\.bin\bower\package.json
21 verbose targetResolver reading package data from C:\Work\Prosfit\Project\pando-3d\node_modules\.bin\bower.cmd\package.json
22 verbose targetResolver reading package data from C:\Work\Prosfit\Project\pando-3d\node_modules\.bin\gulp\package.json
23 verbose targetResolver reading package data from C:\Work\Prosfit\Project\pando-3d\node_modules\.bin\gulp.cmd\package.json
24 verbose already installed skipping gulp-ng-annotate@^0.3.3 C:\Work\Prosfit\Project\pando-3d
25 verbose already installed skipping gulp-uglify@^1.0.1 C:\Work\Prosfit\Project\pando-3d
26 verbose already installed skipping bower@^1.3.12 C:\Work\Prosfit\Project\pando-3d
27 verbose already installed skipping gulp@^3.8.9 C:\Work\Prosfit\Project\pando-3d
28 silly install resolved []
29 info build C:\Work\Prosfit\Project\pando-3d
30 info linkStuff pando_3d@1.0.0
31 silly linkStuff pando_3d@1.0.0 has C:\Work\Prosfit\Project as its parent node_modules
32 verbose linkBins pando_3d@1.0.0
33 verbose linkMans pando_3d@1.0.0
34 verbose rebuildBundles pando_3d@1.0.0
35 verbose rebuildBundles [ '.bin', 'bower', 'gulp', 'gulp-ng-annotate', 'gulp-uglify' ]
36 info install pando_3d@1.0.0
37 info postinstall pando_3d@1.0.0
38 verbose unsafe-perm in lifecycle true
39 info pando_3d@1.0.0 Failed to exec postinstall script
40 verbose stack Error: pando_3d@1.0.0 postinstall: `chmod +x ./scripts/postInstall.sh && ./scripts/postInstall.sh`
40 verbose stack Exit status 1
40 verbose stack     at EventEmitter.<anonymous> (C:\Program Files (x86)\nodejs\node_modules\npm\lib\utils\lifecycle.js:214:16)
40 verbose stack     at emitTwo (events.js:87:13)
40 verbose stack     at EventEmitter.emit (events.js:172:7)
40 verbose stack     at ChildProcess.<anonymous> (C:\Program Files (x86)\nodejs\node_modules\npm\lib\utils\spawn.js:24:14)
40 verbose stack     at emitTwo (events.js:87:13)
40 verbose stack     at ChildProcess.emit (events.js:172:7)
40 verbose stack     at maybeClose (internal/child_process.js:818:16)
40 verbose stack     at Process.ChildProcess._handle.onexit (internal/child_process.js:211:5)
41 verbose pkgid pando_3d@1.0.0
42 verbose cwd C:\Work\Prosfit\Project\pando-3d
43 error Windows_NT 10.0.10586
44 error argv "C:\\Program Files (x86)\\nodejs\\node.exe" "C:\\Program Files (x86)\\nodejs\\node_modules\\npm\\bin\\npm-cli.js" "install"
45 error node v4.2.2
46 error npm  v2.14.7
47 error code ELIFECYCLE
48 error pando_3d@1.0.0 postinstall: `chmod +x ./scripts/postInstall.sh && ./scripts/postInstall.sh`
48 error Exit status 1
49 error Failed at the pando_3d@1.0.0 postinstall script 'chmod +x ./scripts/postInstall.sh && ./scripts/postInstall.sh'.
49 error This is most likely a problem with the pando_3d package,
49 error not with npm itself.
49 error Tell the author that this fails on your system:
49 error     chmod +x ./scripts/postInstall.sh && ./scripts/postInstall.sh
49 error You can get their info via:
49 error     npm owner ls pando_3d
49 error There is likely additional logging output above.
50 verbose exit [ 1, true ]
